<?xml version="1.0" encoding="UTF-8"?>
<!-- Generated by org.testng.reporters.JUnitXMLReporter -->
<testsuite ignored="0" hostname="LAPTOP-ARKEE1MM" failures="2" tests="18" name="Test1" time="0.148" errors="0" timestamp="2023-08-06T05:22:22 IST">
  <testcase classname="org.TestNG.World" name="group" time="0.0">
    <failure type="org.testng.TestNGException" message="
Parameter &amp;apos;username&amp;apos; is required by @Test on method group but has not been marked @Optional or defined
in C:\Users\MiniMe\eclipse-workspace\TestNG\testng.xml">
      <![CDATA[org.testng.TestNGException: 
Parameter 'username' is required by @Test on method group but has not been marked @Optional or defined
in C:\Users\MiniMe\eclipse-workspace\TestNG\testng.xml
at java.base/java.util.ArrayList.forEach(ArrayList.java:1511)
... Removed 26 stack frames]]>
    </failure>
  </testcase> <!-- group -->
  <testcase classname="org.TestNG.World" name="group1" time="0.0">
    <failure type="org.testng.TestNGException" message="
Parameter &amp;apos;password&amp;apos; is required by @Test on method group1 but has not been marked @Optional or defined
in C:\Users\MiniMe\eclipse-workspace\TestNG\testng.xml">
      <![CDATA[org.testng.TestNGException: 
Parameter 'password' is required by @Test on method group1 but has not been marked @Optional or defined
in C:\Users\MiniMe\eclipse-workspace\TestNG\testng.xml
at java.base/java.util.ArrayList.forEach(ArrayList.java:1511)
... Removed 26 stack frames]]>
    </failure>
  </testcase> <!-- group1 -->
  <testcase classname="org.TestNG.World" name="group2" time="0.001"/>
  <testcase classname="org.TestNG.SetPriority" name="NonVeg" time="0.006"/>
  <testcase classname="org.TestNG.SetPriority" name="Fruits" time="0.002"/>
  <testcase classname="org.TestNG.SetPriority" name="Vegetable" time="0.004"/>
  <testcase classname="org.TestNG.Sample" name="Eight" time="0.001"/>
  <testcase classname="org.TestNG.Sample" name="Five" time="0.004"/>
  <testcase classname="org.TestNG.Sample" name="Four" time="0.001"/>
  <testcase classname="org.TestNG.Sample" name="Nine" time="0.001"/>
  <testcase classname="org.TestNG.Sample" name="One" time="0.001"/>
  <testcase classname="org.TestNG.Sample" name="Seven" time="0.001"/>
  <testcase classname="org.TestNG.Sample" name="Six" time="0.001"/>
  <testcase classname="org.TestNG.Sample" name="Three" time="0.004"/>
  <testcase classname="org.TestNG.Sample" name="Two" time="0.005"/>
  <testcase classname="org.TestNG.Sample" name="ten" time="0.001"/>
  <testcase classname="org.TestNG.Sample" name="test" time="0.001"/>
  <testcase classname="org.TestNG.Sample" name="test1" time="0.002"/>
</testsuite> <!-- Test1 -->
