<?xml version="1.0" encoding="UTF-8"?>
<!-- Generated by org.testng.reporters.JUnitXMLReporter -->
<testsuite ignored="1" hostname="LAPTOP-ARKEE1MM" failures="2" tests="2" name="Test1(failed)" time="0.06" errors="0" timestamp="2023-08-05T05:45:24 IST">
  <testcase classname="org.TestNG.World" name="group1" time="0.0">
    <failure type="org.testng.TestNGException" message="
Parameter &amp;apos;password&amp;apos; is required by @Test on method group1 but has not been marked @Optional or defined
in C:\Users\MiniMe\eclipse-workspace\TestNG\test-output\testng-failed.xml">
      <![CDATA[org.testng.TestNGException: 
Parameter 'password' is required by @Test on method group1 but has not been marked @Optional or defined
in C:\Users\MiniMe\eclipse-workspace\TestNG\test-output\testng-failed.xml
at java.base/java.util.ArrayList.forEach(ArrayList.java:1511)
... Removed 26 stack frames]]>
    </failure>
  </testcase> <!-- group1 -->
  <testcase classname="org.TestNG.World" name="group" time="0.0">
    <failure type="org.testng.TestNGException" message="
Parameter &amp;apos;username&amp;apos; is required by @Test on method group but has not been marked @Optional or defined
in C:\Users\MiniMe\eclipse-workspace\TestNG\test-output\testng-failed.xml">
      <![CDATA[org.testng.TestNGException: 
Parameter 'username' is required by @Test on method group but has not been marked @Optional or defined
in C:\Users\MiniMe\eclipse-workspace\TestNG\test-output\testng-failed.xml
at java.base/java.util.ArrayList.forEach(ArrayList.java:1511)
... Removed 26 stack frames]]>
    </failure>
  </testcase> <!-- group -->
  <testcase classname="org.TestNG.World" name="group2" time="0.0">
    <ignored/>
  </testcase> <!-- group2 -->
</testsuite> <!-- Test1(failed) -->
